android/app/build/outputs/logs/manifest-merger-release-report.txt
-- Merging decision tree log ---
manifest
ADDED from src/main/AndroidManifest.xml:1:1-43:12
INJECTED from src/main/AndroidManifest.xml:1:1-43:12
INJECTED from src/main/AndroidManifest.xml:1:1-43:12
INJECTED from src/main/AndroidManifest.xml:1:1-43:12
MERGED from [:shared_preferences_android] AndroidManifest.xml:2:1-9:12
MERGED from [:sqflite] AndroidManifest.xml:2:1-9:12
MERGED from [:path_provider_android] AndroidManifest.xml:2:1-9:12
MERGED from [:advance_pdf_viewer] AndroidManifest.xml:2:1-9:12
MERGED from [:flutter_secure_storage] AndroidManifest.xml:2:1-11:12
MERGED from [:stripe_android] AndroidManifest.xml:2:1-9:12
MERGED from [com.stripe:stripe-android:20.12.0] AndroidManifest.xml:2:1-9:12
MERGED from [com.stripe:paymentsheet:20.12.0] AndroidManifest.xml:2:1-24:12
MERGED from [com.stripe:link:20.12.0] AndroidManifest.xml:2:1-17:12
MERGED from [com.stripe:financial-connections:20.12.0] AndroidManifest.xml:2:1-55:12
MERGED from [com.stripe:payments-ui-core:20.12.0] AndroidManifest.xml:2:1-16:12
MERGED from [com.stripe:payments-core:20.12.0] AndroidManifest.xml:2:1-92:12
MERGED from [com.stripe:payments-model:20.12.0] AndroidManifest.xml:2:1-9:12
MERGED from [com.stripe:stripe-core:20.12.0] AndroidManifest.xml:2:1-9:12
MERGED from [com.google.accompanist:accompanist-navigation-animation:0.25.1] AndroidManifest.xml:17:1-24:12
MERGED from [androidx.navigation:navigation-compose:2.5.2] AndroidManifest.xml:17:1-24:12
MERGED from [androidx.activity:activity-compose:1.5.1] AndroidManifest.xml:17:1-24:12
MERGED from [androidx.constraintlayout:constraintlayout-compose:1.0.1] AndroidManifest.xml:17:1-24:12
MERGED from [androidx.compose.material:material:1.3.0-beta02] AndroidManifest.xml:17:1-22:12
MERGED from [com.google.accompanist:accompanist-flowlayout:0.25.1] AndroidManifest.xml:17:1-24:12
MERGED from [androidx.compose.material:material-ripple:1.3.0-beta02] AndroidManifest.xml:17:1-22:12
MERGED from [androidx.compose.foundation:foundation:1.3.0-beta02] AndroidManifest.xml:17:1-22:12
MERGED from [androidx.compose.material:material-icons-core:1.3.0-beta02] AndroidManifest.xml:17:1-22:12
MERGED from [androidx.compose.runtime:runtime-livedata:1.3.0-beta02] AndroidManifest.xml:17:1-22:12
MERGED from [androidx.compose.animation:animation:1.2.1] AndroidManifest.xml:17:1-23:12
MERGED from [androidx.compose.foundation:foundation-layout:1.3.0-beta02] AndroidManifest.xml:17:1-22:12
MERGED from [androidx.lifecycle:lifecycle-viewmodel-compose:2.5.1] AndroidManifest.xml:17:1-24:12
MERGED from [androidx.compose.animation:animation-core:1.2.1] AndroidManifest.xml:17:1-23:12
MERGED from [androidx.compose.ui:ui:1.3.0-beta02] AndroidManifest.xml:17:1-22:12
MERGED from [com.stripe:stripe-3ds2-android:6.1.5] AndroidManifest.xml:2:1-16:12
MERGED from [androidx.fragment:fragment-ktx:1.5.2] AndroidManifest.xml:17:1-24:12
MERGED from [androidx.navigation:navigation-runtime-ktx:2.5.2] AndroidManifest.xml:17:1-24:12
MERGED from [androidx.navigation:navigation-runtime:2.5.2] AndroidManifest.xml:17:1-24:12
MERGED from [androidx.activity:activity-ktx:1.5.1] AndroidManifest.xml:17:1-24:12
MERGED from [com.airbnb.android:mavericks:2.7.0] AndroidManifest.xml:2:1-11:12
MERGED from [androidx.navigation:navigation-common-ktx:2.5.2] AndroidManifest.xml:17:1-24:12
MERGED from [androidx.navigation:navigation-common:2.5.2] AndroidManifest.xml:17:1-24:12
MERGED from [androidx.lifecycle:lifecycle-viewmodel-ktx:2.5.1] AndroidManifest.xml:17:1-24:12
MERGED from [com.google.android.material:material:1.6.0] AndroidManifest.xml:17:1-26:12
MERGED from [androidx.constraintlayout:constraintlayout:2.1.4] AndroidManifest.xml:2:1-11:12
MERGED from [androidx.appcompat:appcompat-resources:1.5.1] AndroidManifest.xml:17:1-22:12
MERGED from [androidx.appcompat:appcompat:1.5.1] AndroidManifest.xml:17:1-22:12
MERGED from [com.github.bumptech.glide:glide:4.12.0] AndroidManifest.xml:2:1-12:12
MERGED from [androidx.legacy:legacy-support-v4:1.0.0] AndroidManifest.xml:17:1-22:12
MERGED from [androidx.viewpager2:viewpager2:1.0.0] AndroidManifest.xml:17:1-24:12
MERGED from [com.google.android.gms:play-services-wallet:19.1.0] AndroidManifest.xml:17:1-22:12
MERGED from [com.google.android.gms:play-services-identity:18.0.1] AndroidManifest.xml:17:1-24:12
MERGED from [com.google.android.gms:play-services-maps:18.0.2] AndroidManifest.xml:17:1-44:12
MERGED from [com.google.android.gms:play-services-base:18.0.1] AndroidManifest.xml:16:1-24:12
MERGED from [androidx.window:window-java:1.0.0-beta04] AndroidManifest.xml:17:1-23:12
MERGED from [androidx.lifecycle:lifecycle-livedata-ktx:2.5.1] AndroidManifest.xml:17:1-24:12
MERGED from [androidx.compose.ui:ui-text:1.3.0-beta02] AndroidManifest.xml:17:1-22:12
MERGED from [com.google.android.gms:play-services-tasks:18.0.1] AndroidManifest.xml:2:1-6:12
MERGED from [com.google.android.gms:play-services-basement:18.0.0] AndroidManifest.xml:16:1-26:12
MERGED from [androidx.fragment:fragment:1.5.2] AndroidManifest.xml:17:1-24:12
MERGED from [androidx.activity:activity:1.5.1] AndroidManifest.xml:17:1-24:12
MERGED from [androidx.dynamicanimation:dynamicanimation:1.0.0] AndroidManifest.xml:17:1-22:12
MERGED from [androidx.legacy:legacy-support-core-ui:1.0.0] AndroidManifest.xml:17:1-22:12
MERGED from [androidx.legacy:legacy-support-core-utils:1.0.0] AndroidManifest.xml:17:1-22:12
MERGED from [androidx.loader:loader:1.0.0] AndroidManifest.xml:17:1-22:12
MERGED from [androidx.lifecycle:lifecycle-viewmodel:2.5.1] AndroidManifest.xml:17:1-24:12
MERGED from [androidx.lifecycle:lifecycle-viewmodel-savedstate:2.5.1] AndroidManifest.xml:17:1-24:12
MERGED from [androidx.window:window:1.0.0-beta04] AndroidManifest.xml:17:1-33:12
MERGED from [androidx.lifecycle:lifecycle-runtime-ktx:2.5.1] AndroidManifest.xml:17:1-24:12
MERGED from [androidx.compose.runtime:runtime-saveable:1.3.0-beta02] AndroidManifest.xml:17:1-22:12
MERGED from [androidx.compose.ui:ui-graphics:1.3.0-beta02] AndroidManifest.xml:17:1-22:12
MERGED from [androidx.compose.ui:ui-unit:1.3.0-beta02] AndroidManifest.xml:17:1-22:12
MERGED from [androidx.compose.ui:ui-geometry:1.3.0-beta02] AndroidManifest.xml:17:1-22:12
MERGED from [androidx.compose.ui:ui-tooling-preview:1.3.0-beta02] AndroidManifest.xml:17:1-22:12
MERGED from [androidx.compose.runtime:runtime:1.3.0-beta02] AndroidManifest.xml:17:1-22:12
MERGED from [androidx.security:security-crypto:1.1.0-alpha03] AndroidManifest.xml:17:1-24:12
MERGED from [androidx.emoji2:emoji2-views-helper:1.2.0] AndroidManifest.xml:2:1-7:12
MERGED from [androidx.emoji2:emoji2:1.2.0] AndroidManifest.xml:17:1-35:12
MERGED from [androidx.profileinstaller:profileinstaller:1.2.0] AndroidManifest.xml:17:1-50:12
MERGED from [androidx.lifecycle:lifecycle-process:2.4.1] AndroidManifest.xml:17:1-37:12
MERGED from [androidx.startup:startup-runtime:1.1.1] AndroidManifest.xml:17:1-33:12
MERGED from [androidx.tracing:tracing:1.0.0] AndroidManifest.xml:17:1-24:12
MERGED from [androidx.browser:browser:1.4.0] AndroidManifest.xml:17:1-24:12
MERGED from [androidx.coordinatorlayout:coordinatorlayout:1.1.0] AndroidManifest.xml:17:1-24:12
MERGED from [androidx.transition:transition:1.2.0] AndroidManifest.xml:17:1-24:12
MERGED from [androidx.vectordrawable:vectordrawable-animated:1.1.0] AndroidManifest.xml:17:1-24:12
MERGED from [androidx.vectordrawable:vectordrawable:1.1.0] AndroidManifest.xml:17:1-24:12
MERGED from [androidx.recyclerview:recyclerview:1.2.1] AndroidManifest.xml:17:1-24:12
MERGED from [androidx.drawerlayout:drawerlayout:1.1.1] AndroidManifest.xml:17:1-24:12
MERGED from [androidx.viewpager:viewpager:1.0.0] AndroidManifest.xml:17:1-22:12
MERGED from [androidx.slidingpanelayout:slidingpanelayout:1.0.0] AndroidManifest.xml:17:1-22:12
MERGED from [androidx.customview:customview:1.1.0] AndroidManifest.xml:17:1-24:12
MERGED from [androidx.media:media:1.0.0] AndroidManifest.xml:17:1-22:12
MERGED from [androidx.customview:customview-poolingcontainer:1.0.0] AndroidManifest.xml:17:1-23:12
MERGED from [androidx.core:core-ktx:1.9.0] AndroidManifest.xml:2:1-7:12
MERGED from [androidx.autofill:autofill:1.0.0] AndroidManifest.xml:17:1-24:12
MERGED from [androidx.swiperefreshlayout:swiperefreshlayout:1.0.0] AndroidManifest.xml:17:1-22:12
MERGED from [androidx.asynclayoutinflater:asynclayoutinflater:1.0.0] AndroidManifest.xml:17:1-22:12
MERGED from [androidx.core:core:1.9.0] AndroidManifest.xml:17:1-30:12
MERGED from [androidx.versionedparcelable:versionedparcelable:1.1.1] AndroidManifest.xml:17:1-27:12
MERGED from [com.github.bumptech.glide:gifdecoder:4.12.0] AndroidManifest.xml:2:1-11:12
MERGED from [androidx.exifinterface:exifinterface:1.2.0] AndroidManifest.xml:17:1-24:12
MERGED from [androidx.cardview:cardview:1.0.0] AndroidManifest.xml:17:1-22:12
MERGED from [androidx.databinding:viewbinding:7.2.2] AndroidManifest.xml:17:1-24:12
MERGED from [androidx.lifecycle:lifecycle-runtime:2.5.1] AndroidManifest.xml:17:1-24:12
MERGED from [androidx.cursoradapter:cursoradapter:1.0.0] AndroidManifest.xml:17:1-22:12
MERGED from [androidx.savedstate:savedstate-ktx:1.2.0] AndroidManifest.xml:17:1-24:12
MERGED from [androidx.savedstate:savedstate:1.2.0] AndroidManifest.xml:17:1-24:12
MERGED from [androidx.lifecycle:lifecycle-livedata:2.5.1] AndroidManifest.xml:17:1-24:12
MERGED from [androidx.lifecycle:lifecycle-livedata-core-ktx:2.5.1] AndroidManifest.xml:17:1-24:12
MERGED from [androidx.lifecycle:lifecycle-livedata-core:2.5.1] AndroidManifest.xml:17:1-24:12
MERGED from [androidx.interpolator:interpolator:1.0.0] AndroidManifest.xml:17:1-22:12
MERGED from [androidx.documentfile:documentfile:1.0.0] AndroidManifest.xml:17:1-22:12
MERGED from [androidx.localbroadcastmanager:localbroadcastmanager:1.0.0] AndroidManifest.xml:17:1-22:12
MERGED from [androidx.print:print:1.0.0] AndroidManifest.xml:17:1-22:12
MERGED from [androidx.arch.core:core-runtime:2.1.0] AndroidManifest.xml:17:1-24:12
MERGED from [androidx.compose.ui:ui-util:1.3.0-beta02] AndroidManifest.xml:17:1-22:12
MERGED from [androidx.annotation:annotation-experimental:1.3.0] AndroidManifest.xml:17:1-22:12
MERGED from [com.google.android.instantapps:instantapps:1.1.0] AndroidManifest.xml:2:1-15:12
MERGED from [androidx.test.espresso:espresso-idling-resource:3.4.0] AndroidManifest.xml:17:1-24:12
INJECTED from src/main/AndroidManifest.xml:1:1-43:12
INJECTED from src/main/AndroidManifest.xml:1:1-43:12
INJECTED from src/main/AndroidManifest.xml:1:1-43:12
	package
		ADDED from src/main/AndroidManifest.xml:2:5-36
		INJECTED from src/main/AndroidManifest.xml
		INJECTED from src/main/AndroidManifest.xml
	android:versionName
		INJECTED from src/main/AndroidManifest.xml
		ADDED from src/main/AndroidManifest.xml:1:1-43:12
		INJECTED from src/main/AndroidManifest.xml
	android:versionCode
		INJECTED from src/main/AndroidManifest.xml
		ADDED from src/main/AndroidManifest.xml:1:1-43:12
		INJECTED from src/main/AndroidManifest.xml
	xmlns:android
		ADDED from src/main/AndroidManifest.xml:1:11-69
uses-permission#android.permission.INTERNET
ADDED from src/main/AndroidManifest.xml:3:5-66
MERGED from [com.stripe:financial-connections:20.12.0] AndroidManifest.xml:9:5-67
MERGED from [com.stripe:financial-connections:20.12.0] AndroidManifest.xml:9:5-67
MERGED from [com.google.android.gms:play-services-maps:18.0.2] AndroidManifest.xml:24:5-67
MERGED from [com.google.android.gms:play-services-maps:18.0.2] AndroidManifest.xml:24:5-67
	android:name
		ADDED from src/main/AndroidManifest.xml:3:22-64
application
ADDED from src/main/AndroidManifest.xml:5:5-42:19
MERGED from [com.stripe:paymentsheet:20.12.0] AndroidManifest.xml:9:5-22:19
MERGED from [com.stripe:paymentsheet:20.12.0] AndroidManifest.xml:9:5-22:19
MERGED from [com.stripe:link:20.12.0] AndroidManifest.xml:9:5-15:19
MERGED from [com.stripe:link:20.12.0] AndroidManifest.xml:9:5-15:19
MERGED from [com.stripe:financial-connections:20.12.0] AndroidManifest.xml:22:5-53:19
MERGED from [com.stripe:financial-connections:20.12.0] AndroidManifest.xml:22:5-53:19
MERGED from [com.stripe:payments-ui-core:20.12.0] AndroidManifest.xml:9:5-14:19
MERGED from [com.stripe:payments-ui-core:20.12.0] AndroidManifest.xml:9:5-14:19
MERGED from [com.stripe:payments-core:20.12.0] AndroidManifest.xml:16:5-90:19
MERGED from [com.stripe:payments-core:20.12.0] AndroidManifest.xml:16:5-90:19
MERGED from [com.stripe:stripe-3ds2-android:6.1.5] AndroidManifest.xml:9:5-14:19
MERGED from [com.stripe:stripe-3ds2-android:6.1.5] AndroidManifest.xml:9:5-14:19
MERGED from [com.airbnb.android:mavericks:2.7.0] AndroidManifest.xml:9:5-20
MERGED from [com.airbnb.android:mavericks:2.7.0] AndroidManifest.xml:9:5-20
MERGED from [com.google.android.material:material:1.6.0] AndroidManifest.xml:24:5-20
MERGED from [com.google.android.material:material:1.6.0] AndroidManifest.xml:24:5-20
MERGED from [androidx.constraintlayout:constraintlayout:2.1.4] AndroidManifest.xml:9:5-20
MERGED from [androidx.constraintlayout:constraintlayout:2.1.4] AndroidManifest.xml:9:5-20
MERGED from [com.github.bumptech.glide:glide:4.12.0] AndroidManifest.xml:10:5-20
MERGED from [com.github.bumptech.glide:glide:4.12.0] AndroidManifest.xml:10:5-20
MERGED from [com.google.android.gms:play-services-identity:18.0.1] AndroidManifest.xml:22:5-20
MERGED from [com.google.android.gms:play-services-identity:18.0.1] AndroidManifest.xml:22:5-20
MERGED from [com.google.android.gms:play-services-maps:18.0.2] AndroidManifest.xml:36:5-42:19
MERGED from [com.google.android.gms:play-services-maps:18.0.2] AndroidManifest.xml:36:5-42:19
MERGED from [com.google.android.gms:play-services-base:18.0.1] AndroidManifest.xml:19:5-23:19
MERGED from [com.google.android.gms:play-services-base:18.0.1] AndroidManifest.xml:19:5-23:19
MERGED from [com.google.android.gms:play-services-tasks:18.0.1] AndroidManifest.xml:5:5-20
MERGED from [com.google.android.gms:play-services-tasks:18.0.1] AndroidManifest.xml:5:5-20
MERGED from [com.google.android.gms:play-services-basement:18.0.0] AndroidManifest.xml:20:5-24:19
MERGED from [com.google.android.gms:play-services-basement:18.0.0] AndroidManifest.xml:20:5-24:19
MERGED from [androidx.window:window:1.0.0-beta04] AndroidManifest.xml:24:5-31:19
MERGED from [androidx.window:window:1.0.0-beta04] AndroidManifest.xml:24:5-31:19
MERGED from [androidx.emoji2:emoji2:1.2.0] AndroidManifest.xml:23:5-33:19
MERGED from [androidx.emoji2:emoji2:1.2.0] AndroidManifest.xml:23:5-33:19
MERGED from [androidx.profileinstaller:profileinstaller:1.2.0] AndroidManifest.xml:24:5-48:19
MERGED from [androidx.profileinstaller:profileinstaller:1.2.0] AndroidManifest.xml:24:5-48:19
MERGED from [androidx.lifecycle:lifecycle-process:2.4.1] AndroidManifest.xml:25:5-35:19
MERGED from [androidx.lifecycle:lifecycle-process:2.4.1] AndroidManifest.xml:25:5-35:19
MERGED from [androidx.startup:startup-runtime:1.1.1] AndroidManifest.xml:25:5-31:19
MERGED from [androidx.startup:startup-runtime:1.1.1] AndroidManifest.xml:25:5-31:19
MERGED from [androidx.core:core:1.9.0] AndroidManifest.xml:28:5-89
MERGED from [androidx.core:core:1.9.0] AndroidManifest.xml:28:5-89
MERGED from [androidx.versionedparcelable:versionedparcelable:1.1.1] AndroidManifest.xml:24:5-25:19
MERGED from [androidx.versionedparcelable:versionedparcelable:1.1.1] AndroidManifest.xml:24:5-25:19
MERGED from [com.github.bumptech.glide:gifdecoder:4.12.0] AndroidManifest.xml:9:5-20
MERGED from [com.github.bumptech.glide:gifdecoder:4.12.0] AndroidManifest.xml:9:5-20
MERGED from [com.google.android.instantapps:instantapps:1.1.0] AndroidManifest.xml:9:5-13:19
MERGED from [com.google.android.instantapps:instantapps:1.1.0] AndroidManifest.xml:9:5-13:19
	android:appComponentFactory
		ADDED from [androidx.core:core:1.9.0] AndroidManifest.xml:28:18-86
	android:label
		ADDED from src/main/AndroidManifest.xml:6:9-34
	android:icon
		ADDED from src/main/AndroidManifest.xml:7:9-43
activity#com.example.book_shop.MainActivity
ADDED from src/main/AndroidManifest.xml:8:9-36:20
	android:launchMode
		ADDED from src/main/AndroidManifest.xml:10:13-43
	android:hardwareAccelerated
		ADDED from src/main/AndroidManifest.xml:13:13-47
	android:windowSoftInputMode
		ADDED from src/main/AndroidManifest.xml:14:13-55
	android:configChanges
		ADDED from src/main/AndroidManifest.xml:12:13-163
	android:theme
		ADDED from src/main/AndroidManifest.xml:11:13-47
	android:name
		ADDED from src/main/AndroidManifest.xml:9:13-41
meta-data#io.flutter.embedding.android.NormalTheme
ADDED from src/main/AndroidManifest.xml:19:13-22:17
	android:resource
		ADDED from src/main/AndroidManifest.xml:21:15-52
	android:name
		ADDED from src/main/AndroidManifest.xml:20:15-70
meta-data#io.flutter.embedding.android.SplashScreenDrawable
ADDED from src/main/AndroidManifest.xml:28:13-31:17
	android:resource
		ADDED from src/main/AndroidManifest.xml:30:15-61
	android:name
		ADDED from src/main/AndroidManifest.xml:29:15-79
intent-filter#action:name:android.intent.action.MAIN+category:name:android.intent.category.LAUNCHER
ADDED from src/main/AndroidManifest.xml:32:13-35:29
action#android.intent.action.MAIN
ADDED from src/main/AndroidManifest.xml:33:17-68
	android:name
		ADDED from src/main/AndroidManifest.xml:33:25-66
category#android.intent.category.LAUNCHER
ADDED from src/main/AndroidManifest.xml:34:17-76
	android:name
		ADDED from src/main/AndroidManifest.xml:34:27-74
meta-data#flutterEmbedding
ADDED from src/main/AndroidManifest.xml:39:9-41:33
	android:value
		ADDED from src/main/AndroidManifest.xml:41:13-30
	android:name
		ADDED from src/main/AndroidManifest.xml:40:13-44
uses-sdk
INJECTED from src/main/AndroidManifest.xml reason: use-sdk injection requested
INJECTED from src/main/AndroidManifest.xml
INJECTED from src/main/AndroidManifest.xml
MERGED from [:shared_preferences_android] AndroidManifest.xml:5:5-7:41
MERGED from [:shared_preferences_android] AndroidManifest.xml:5:5-7:41
MERGED from [:sqflite] AndroidManifest.xml:5:5-7:41
MERGED from [:sqflite] AndroidManifest.xml:5:5-7:41
MERGED from [:path_provider_android] AndroidManifest.xml:5:5-7:41
MERGED from [:path_provider_android] AndroidManifest.xml:5:5-7:41
MERGED from [:advance_pdf_viewer] AndroidManifest.xml:5:5-7:41
MERGED from [:advance_pdf_viewer] AndroidManifest.xml:5:5-7:41
MERGED from [:flutter_secure_storage] AndroidManifest.xml:6:5-9:53
MERGED from [:flutter_secure_storage] AndroidManifest.xml:6:5-9:53
MERGED from [:stripe_android] AndroidManifest.xml:5:5-7:41
MERGED from [:stripe_android] AndroidManifest.xml:5:5-7:41
MERGED from [com.stripe:stripe-android:20.12.0] AndroidManifest.xml:5:5-7:41
MERGED from [com.stripe:stripe-android:20.12.0] AndroidManifest.xml:5:5-7:41
MERGED from [com.stripe:paymentsheet:20.12.0] AndroidManifest.xml:5:5-7:41
MERGED from [com.stripe:paymentsheet:20.12.0] AndroidManifest.xml:5:5-7:41
MERGED from [com.stripe:link:20.12.0] AndroidManifest.xml:5:5-7:41
MERGED from [com.stripe:link:20.12.0] AndroidManifest.xml:5:5-7:41
MERGED from [com.stripe:financial-connections:20.12.0] AndroidManifest.xml:5:5-7:41
MERGED from [com.stripe:financial-connections:20.12.0] AndroidManifest.xml:5:5-7:41
MERGED from [com.stripe:payments-ui-core:20.12.0] AndroidManifest.xml:5:5-7:41
MERGED from [com.stripe:payments-ui-core:20.12.0] AndroidManifest.xml:5:5-7:41
MERGED from [com.stripe:payments-core:20.12.0] AndroidManifest.xml:5:5-7:41
MERGED from [com.stripe:payments-core:20.12.0] AndroidManifest.xml:5:5-7:41
MERGED from [com.stripe:payments-model:20.12.0] AndroidManifest.xml:5:5-7:41
MERGED from [com.stripe:payments-model:20.12.0] AndroidManifest.xml:5:5-7:41
MERGED from [com.stripe:stripe-core:20.12.0] AndroidManifest.xml:5:5-7:41
MERGED from [com.stripe:stripe-core:20.12.0] AndroidManifest.xml:5:5-7:41
MERGED from [com.google.accompanist:accompanist-navigation-animation:0.25.1] AndroidManifest.xml:20:5-22:41
MERGED from [com.google.accompanist:accompanist-navigation-animation:0.25.1] AndroidManifest.xml:20:5-22:41
MERGED from [androidx.navigation:navigation-compose:2.5.2] AndroidManifest.xml:20:5-22:41
MERGED from [androidx.navigation:navigation-compose:2.5.2] AndroidManifest.xml:20:5-22:41
MERGED from [androidx.activity:activity-compose:1.5.1] AndroidManifest.xml:20:5-22:41
MERGED from [androidx.activity:activity-compose:1.5.1] AndroidManifest.xml:20:5-22:41
MERGED from [androidx.constraintlayout:constraintlayout-compose:1.0.1] AndroidManifest.xml:20:5-22:41
MERGED from [androidx.constraintlayout:constraintlayout-compose:1.0.1] AndroidManifest.xml:20:5-22:41
MERGED from [androidx.compose.material:material:1.3.0-beta02] AndroidManifest.xml:20:5-44
MERGED from [androidx.compose.material:material:1.3.0-beta02] AndroidManifest.xml:20:5-44
MERGED from [com.google.accompanist:accompanist-flowlayout:0.25.1] AndroidManifest.xml:20:5-22:41
MERGED from [com.google.accompanist:accompanist-flowlayout:0.25.1] AndroidManifest.xml:20:5-22:41
MERGED from [androidx.compose.material:material-ripple:1.3.0-beta02] AndroidManifest.xml:20:5-44
MERGED from [androidx.compose.material:material-ripple:1.3.0-beta02] AndroidManifest.xml:20:5-44
MERGED from [androidx.compose.foundation:foundation:1.3.0-beta02] AndroidManifest.xml:20:5-44
MERGED from [androidx.compose.foundation:foundation:1.3.0-beta02] AndroidManifest.xml:20:5-44
MERGED from [androidx.compose.material:material-icons-core:1.3.0-beta02] AndroidManifest.xml:20:5-44
MERGED from [androidx.compose.material:material-icons-core:1.3.0-beta02] AndroidManifest.xml:20:5-44
MERGED from [androidx.compose.runtime:runtime-livedata:1.3.0-beta02] AndroidManifest.xml:20:5-44
MERGED from [androidx.compose.runtime:runtime-livedata:1.3.0-beta02] AndroidManifest.xml:20:5-44
MERGED from [androidx.compose.animation:animation:1.2.1] AndroidManifest.xml:20:5-21:38
MERGED from [androidx.compose.animation:animation:1.2.1] AndroidManifest.xml:20:5-21:38
MERGED from [androidx.compose.foundation:foundation-layout:1.3.0-beta02] AndroidManifest.xml:20:5-44
MERGED from [androidx.compose.foundation:foundation-layout:1.3.0-beta02] AndroidManifest.xml:20:5-44
MERGED from [androidx.lifecycle:lifecycle-viewmodel-compose:2.5.1] AndroidManifest.xml:20:5-22:41
MERGED from [androidx.lifecycle:lifecycle-viewmodel-compose:2.5.1] AndroidManifest.xml:20:5-22:41
MERGED from [androidx.compose.animation:animation-core:1.2.1] AndroidManifest.xml:20:5-21:38
MERGED from [androidx.compose.animation:animation-core:1.2.1] AndroidManifest.xml:20:5-21:38
MERGED from [androidx.compose.ui:ui:1.3.0-beta02] AndroidManifest.xml:20:5-44
MERGED from [androidx.compose.ui:ui:1.3.0-beta02] AndroidManifest.xml:20:5-44
MERGED from [com.stripe:stripe-3ds2-android:6.1.5] AndroidManifest.xml:5:5-7:41
MERGED from [com.stripe:stripe-3ds2-android:6.1.5] AndroidManifest.xml:5:5-7:41
MERGED from [androidx.fragment:fragment-ktx:1.5.2] AndroidManifest.xml:20:5-22:41
MERGED from [androidx.fragment:fragment-ktx:1.5.2] AndroidManifest.xml:20:5-22:41
MERGED from [androidx.navigation:navigation-runtime-ktx:2.5.2] AndroidManifest.xml:20:5-22:41
MERGED from [androidx.navigation:navigation-runtime-ktx:2.5.2] AndroidManifest.xml:20:5-22:41
MERGED from [androidx.navigation:navigation-runtime:2.5.2] AndroidManifest.xml:20:5-22:41
MERGED from [androidx.navigation:navigation-runtime:2.5.2] AndroidManifest.xml:20:5-22:41
MERGED from [androidx.activity:activity-ktx:1.5.1] AndroidManifest.xml:20:5-22:41
MERGED from [androidx.activity:activity-ktx:1.5.1] AndroidManifest.xml:20:5-22:41
MERGED from [com.airbnb.android:mavericks:2.7.0] AndroidManifest.xml:5:5-7:41
MERGED from [com.airbnb.android:mavericks:2.7.0] AndroidManifest.xml:5:5-7:41
MERGED from [androidx.navigation:navigation-common-ktx:2.5.2] AndroidManifest.xml:20:5-22:41
MERGED from [androidx.navigation:navigation-common-ktx:2.5.2] AndroidManifest.xml:20:5-22:41
MERGED from [androidx.navigation:navigation-common:2.5.2] AndroidManifest.xml:20:5-22:41
MERGED from [androidx.navigation:navigation-common:2.5.2] AndroidManifest.xml:20:5-22:41
MERGED from [androidx.lifecycle:lifecycle-viewmodel-ktx:2.5.1] AndroidManifest.xml:20:5-22:41
MERGED from [androidx.lifecycle:lifecycle-viewmodel-ktx:2.5.1] AndroidManifest.xml:20:5-22:41
MERGED from [com.google.android.material:material:1.6.0] AndroidManifest.xml:20:5-22:41
MERGED from [com.google.android.material:material:1.6.0] AndroidManifest.xml:20:5-22:41
MERGED from [androidx.constraintlayout:constraintlayout:2.1.4] AndroidManifest.xml:5:5-7:41
MERGED from [androidx.constraintlayout:constraintlayout:2.1.4] AndroidManifest.xml:5:5-7:41
MERGED from [androidx.appcompat:appcompat-resources:1.5.1] AndroidManifest.xml:20:5-44
MERGED from [androidx.appcompat:appcompat-resources:1.5.1] AndroidManifest.xml:20:5-44
MERGED from [androidx.appcompat:appcompat:1.5.1] AndroidManifest.xml:20:5-44
MERGED from [androidx.appcompat:appcompat:1.5.1] AndroidManifest.xml:20:5-44
MERGED from [com.github.bumptech.glide:glide:4.12.0] AndroidManifest.xml:6:5-8:41
MERGED from [com.github.bumptech.glide:glide:4.12.0] AndroidManifest.xml:6:5-8:41
MERGED from [androidx.legacy:legacy-support-v4:1.0.0] AndroidManifest.xml:20:5-44
MERGED from [androidx.legacy:legacy-support-v4:1.0.0] AndroidManifest.xml:20:5-44
MERGED from [androidx.viewpager2:viewpager2:1.0.0] AndroidManifest.xml:20:5-22:41
MERGED from [androidx.viewpager2:viewpager2:1.0.0] AndroidManifest.xml:20:5-22:41
MERGED from [com.google.android.gms:play-services-wallet:19.1.0] AndroidManifest.xml:20:5-44
MERGED from [com.google.android.gms:play-services-wallet:19.1.0] AndroidManifest.xml:20:5-44
MERGED from [com.google.android.gms:play-services-identity:18.0.1] AndroidManifest.xml:20:5-44
MERGED from [com.google.android.gms:play-services-identity:18.0.1] AndroidManifest.xml:20:5-44
MERGED from [com.google.android.gms:play-services-maps:18.0.2] AndroidManifest.xml:20:5-44
MERGED from [com.google.android.gms:play-services-maps:18.0.2] AndroidManifest.xml:20:5-44
MERGED from [com.google.android.gms:play-services-base:18.0.1] AndroidManifest.xml:18:5-43
MERGED from [com.google.android.gms:play-services-base:18.0.1] AndroidManifest.xml:18:5-43
MERGED from [androidx.window:window-java:1.0.0-beta04] AndroidManifest.xml:19:5-21:41
MERGED from [androidx.window:window-java:1.0.0-beta04] AndroidManifest.xml:19:5-21:41
MERGED from [androidx.lifecycle:lifecycle-livedata-ktx:2.5.1] AndroidManifest.xml:20:5-22:41
MERGED from [androidx.lifecycle:lifecycle-livedata-ktx:2.5.1] AndroidManifest.xml:20:5-22:41
MERGED from [androidx.compose.ui:ui-text:1.3.0-beta02] AndroidManifest.xml:20:5-44
MERGED from [androidx.compose.ui:ui-text:1.3.0-beta02] AndroidManifest.xml:20:5-44
MERGED from [com.google.android.gms:play-services-tasks:18.0.1] AndroidManifest.xml:4:5-43
MERGED from [com.google.android.gms:play-services-tasks:18.0.1] AndroidManifest.xml:4:5-43
MERGED from [com.google.android.gms:play-services-basement:18.0.0] AndroidManifest.xml:18:5-43
MERGED from [com.google.android.gms:play-services-basement:18.0.0] AndroidManifest.xml:18:5-43
MERGED from [androidx.fragment:fragment:1.5.2] AndroidManifest.xml:20:5-22:41
MERGED from [androidx.fragment:fragment:1.5.2] AndroidManifest.xml:20:5-22:41
MERGED from [androidx.activity:activity:1.5.1] AndroidManifest.xml:20:5-22:41
MERGED from [androidx.activity:activity:1.5.1] AndroidManifest.xml:20:5-22:41
MERGED from [androidx.dynamicanimation:dynamicanimation:1.0.0] AndroidManifest.xml:20:5-44
MERGED from [androidx.dynamicanimation:dynamicanimation:1.0.0] AndroidManifest.xml:20:5-44
MERGED from [androidx.legacy:legacy-support-core-ui:1.0.0] AndroidManifest.xml:20:5-44
MERGED from [androidx.legacy:legacy-support-core-ui:1.0.0] AndroidManifest.xml:20:5-44
MERGED from [androidx.legacy:legacy-support-core-utils:1.0.0] AndroidManifest.xml:20:5-44
MERGED from [androidx.legacy:legacy-support-core-utils:1.0.0] AndroidManifest.xml:20:5-44
MERGED from [androidx.loader:loader:1.0.0] AndroidManifest.xml:20:5-44
MERGED from [androidx.loader:loader:1.0.0] AndroidManifest.xml:20:5-44
MERGED from [androidx.lifecycle:lifecycle-viewmodel:2.5.1] AndroidManifest.xml:20:5-22:41
MERGED from [androidx.lifecycle:lifecycle-viewmodel:2.5.1] AndroidManifest.xml:20:5-22:41
MERGED from [androidx.lifecycle:lifecycle-viewmodel-savedstate:2.5.1] AndroidManifest.xml:20:5-22:41
MERGED from [androidx.lifecycle:lifecycle-viewmodel-savedstate:2.5.1] AndroidManifest.xml:20:5-22:41
MERGED from [androidx.window:window:1.0.0-beta04] AndroidManifest.xml:20:5-22:41
MERGED from [androidx.window:window:1.0.0-beta04] AndroidManifest.xml:20:5-22:41
MERGED from [androidx.lifecycle:lifecycle-runtime-ktx:2.5.1] AndroidManifest.xml:20:5-22:41
MERGED from [androidx.lifecycle:lifecycle-runtime-ktx:2.5.1] AndroidManifest.xml:20:5-22:41
MERGED from [androidx.compose.runtime:runtime-saveable:1.3.0-beta02] AndroidManifest.xml:20:5-44
MERGED from [androidx.compose.runtime:runtime-saveable:1.3.0-beta02] AndroidManifest.xml:20:5-44
MERGED from [androidx.compose.ui:ui-graphics:1.3.0-beta02] AndroidManifest.xml:20:5-44
MERGED from [androidx.compose.ui:ui-graphics:1.3.0-beta02] AndroidManifest.xml:20:5-44
MERGED from [androidx.compose.ui:ui-unit:1.3.0-beta02] AndroidManifest.xml:20:5-44
MERGED from [androidx.compose.ui:ui-unit:1.3.0-beta02] AndroidManifest.xml:20:5-44
MERGED from [androidx.compose.ui:ui-geometry:1.3.0-beta02] AndroidManifest.xml:20:5-44
MERGED from [androidx.compose.ui:ui-geometry:1.3.0-beta02] AndroidManifest.xml:20:5-44
MERGED from [androidx.compose.ui:ui-tooling-preview:1.3.0-beta02] AndroidManifest.xml:20:5-44
MERGED from [androidx.compose.ui:ui-tooling-preview:1.3.0-beta02] AndroidManifest.xml:20:5-44
MERGED from [androidx.compose.runtime:runtime:1.3.0-beta02] AndroidManifest.xml:20:5-44
MERGED from [androidx.compose.runtime:runtime:1.3.0-beta02] AndroidManifest.xml:20:5-44
MERGED from [androidx.security:security-crypto:1.1.0-alpha03] AndroidManifest.xml:20:5-22:41
MERGED from [androidx.security:security-crypto:1.1.0-alpha03] AndroidManifest.xml:20:5-22:41
MERGED from [androidx.emoji2:emoji2-views-helper:1.2.0] AndroidManifest.xml:5:5-44